<?xml version="1.0" encoding="UTF-8"?>
<testng-results skipped="0" failed="0" ignored="0" total="4" passed="4">
  <reporter-output>
  </reporter-output>
  <suite name="example suite 1" duration-ms="34" started-at="2019-10-03T15:01:54 IST" finished-at="2019-10-03T15:01:54 IST">
    <groups>
    </groups>
    <test name="Regression suite 1" duration-ms="34" started-at="2019-10-03T15:01:54 IST" finished-at="2019-10-03T15:01:54 IST">
      <class name="Test1.FuncTest">
        <test-method status="PASS" signature="Test1()[pri:0, instance:Test1.FuncTest@26653222]" name="Test1" duration-ms="6" started-at="2019-10-03T15:01:54 IST" finished-at="2019-10-03T15:01:54 IST">
          <reporter-output>
          </reporter-output>
        </test-method> <!-- Test1 -->
        <test-method status="PASS" signature="Test2()[pri:0, instance:Test1.FuncTest@26653222]" name="Test2" duration-ms="0" started-at="2019-10-03T15:01:54 IST" finished-at="2019-10-03T15:01:54 IST">
          <reporter-output>
          </reporter-output>
        </test-method> <!-- Test2 -->
        <test-method status="PASS" signature="Test3()[pri:0, instance:Test1.FuncTest@26653222]" name="Test3" duration-ms="0" started-at="2019-10-03T15:01:54 IST" finished-at="2019-10-03T15:01:54 IST">
          <reporter-output>
          </reporter-output>
        </test-method> <!-- Test3 -->
        <test-method status="PASS" signature="Test4()[pri:0, instance:Test1.FuncTest@26653222]" name="Test4" duration-ms="0" started-at="2019-10-03T15:01:54 IST" finished-at="2019-10-03T15:01:54 IST">
          <reporter-output>
          </reporter-output>
        </test-method> <!-- Test4 -->
      </class> <!-- Test1.FuncTest -->
    </test> <!-- Regression suite 1 -->
  </suite> <!-- example suite 1 -->
</testng-results>
