<?xml version="1.0" encoding="UTF-8"?>
<testsuite xmlns:xsi="http://www.w3.org/2001/XMLSchema-instance" xsi:noNamespaceSchemaLocation="https://maven.apache.org/surefire/maven-surefire-plugin/xsd/surefire-test-report-3.0.xsd" version="3.0" name="TestSuite" time="0.497" tests="4" errors="0" skipped="0" failures="0">
  <properties>
[...]
</properties>
  <testcase name="Test1" classname="Test1.FuncTest" time="0.006"/>
  <testcase name="Test2" classname="Test1.FuncTest" time="0.001"/>
  <testcase name="Test3" classname="Test1.FuncTest" time="0.001"/>
  <testcase name="Test4" classname="Test1.FuncTest" time="0.001"/>
</testsuite>